This is e-upTeX, Version 3.141592653-p4.1.2-u2.00-250202-2.6 (utf8.euc) (TeX Live 2025/Homebrew) (preloaded format=platex 2025.3.15)  8 APR 2025 13:21
entering extended mode
 restricted \write18 enabled.
 %&-line parsing enabled.
**q

(/opt/homebrew/Cellar/texlive/20250308_1/share/texmf-dist/tex/latex/tools/q.tex
pLaTeX2e <2023-02-14>+1, based on
LaTeX2e <2024-11-01> patch level 2
L3 programming layer <2025-01-18>
File ignored
)
! Emergency stop.
<*> q
     
*** (job aborted, no legal \end found)

 
Here is how much of TeX's memory you used:
 16 strings out of 473836
 483 string characters out of 5722037
 385707 words of memory out of 5000000
 23370 multiletter control sequences out of 15000+600000
 562708 words of font info for 53 fonts, out of 8000000 for 9000
 929 hyphenation exceptions out of 8191
 15i,0n,23p,81b,18s stack positions out of 10000i,1000n,20000p,200000b,200000s
No pages of output.
